<?xml version="1.0" encoding="UTF-8"?>
<!-- Generated by org.testng.reporters.JUnitReportReporter -->
<testsuite skipped="0" hostname="DESKTOP-08J39R4" name="WebTables.ReadWebTables" tests="1" failures="0" timestamp="30 Jun 2018 20:45:57 GMT" time="3.705" errors="0">
  <testcase name="applicantsData" time="3.705" classname="WebTables.ReadWebTables"/>
</testsuite> <!-- WebTables.ReadWebTables -->
