<?xml version="1.0" encoding="UTF-8"?>
<!-- Generated by org.testng.reporters.JUnitReportReporter -->
<testsuite skipped="0" hostname="DESKTOP-08J39R4" name="com.jobApplication.PersonalInfoTests" tests="1" failures="0" timestamp="05 Jul 2018 05:19:58 GMT" time="35.474" errors="0">
  <testcase name="submitFullApplication" time="35.474" classname="com.jobApplication.PersonalInfoTests"/>
</testsuite> <!-- com.jobApplication.PersonalInfoTests -->
