<?xml version="1.0" encoding="UTF-8"?>
<!-- Generated by org.testng.reporters.JUnitReportReporter -->
<testsuite skipped="0" hostname="DESKTOP-08J39R4" name="wrapUp.AmazonSearch" tests="1" failures="0" timestamp="30 Jun 2018 17:57:32 GMT" time="11.271" errors="0">
  <testcase name="woodenSpoonSearchv1" time="11.271" classname="wrapUp.AmazonSearch"/>
</testsuite> <!-- wrapUp.AmazonSearch -->
