<?xml version="1.0" encoding="UTF-8"?>
<!-- Generated by org.testng.reporters.JUnitReportReporter -->
<testsuite skipped="0" hostname="DESKTOP-08J39R4" name="pomDesign.WebOrderTests" tests="1" failures="0" timestamp="09 Jul 2018 16:02:19 GMT" time="2.736" errors="0">
  <testcase name="orderTest" time="2.736" classname="pomDesign.WebOrderTests"/>
</testsuite> <!-- pomDesign.WebOrderTests -->
