<?xml version="1.0" encoding="UTF-8"?>
<!-- Generated by org.testng.reporters.JUnitReportReporter -->
<testsuite skipped="1" hostname="DESKTOP-08J39R4" name="pomDesign.WebOrdersLoginTests" tests="3" failures="0" timestamp="08 Jul 2018 17:13:47 GMT" time="2.517" errors="0">
  <testcase name="invalidUserNameTest" time="1.694" classname="pomDesign.WebOrdersLoginTests"/>
  <testcase name="positiveLoginUsingPOM" time="0.823" classname="pomDesign.WebOrdersLoginTests"/>
  <testcase name="positiveLoginTest" classname="pomDesign.WebOrdersLoginTests">
    <skipped/>
  </testcase> <!-- positiveLoginTest -->
</testsuite> <!-- pomDesign.WebOrdersLoginTests -->
