<?xml version="1.0" encoding="UTF-8"?>
<!-- Generated by org.testng.reporters.JUnitReportReporter -->
<testsuite skipped="0" hostname="DESKTOP-08J39R4" name="WebTables.ApplicantsTable" tests="1" failures="0" timestamp="02 Jul 2018 03:47:29 GMT" time="55.771" errors="0">
  <testcase name="applicantsMap" time="55.771" classname="WebTables.ApplicantsTable"/>
</testsuite> <!-- WebTables.ApplicantsTable -->
